0 info it worked if it ends with ok
1 verbose cli [ 'C:\\Program Files\\nodejs\\\\node.exe',
1 verbose cli   'C:\\Program Files\\nodejs\\node_modules\\npm\\bin\\npm-cli.js',
1 verbose cli   'install',
1 verbose cli   '--global',
1 verbose cli   'imagemin' ]
2 info using npm@2.13.4
3 info using node@v0.12.7
4 verbose install initial load of C:\Program Files\nodejs\package.json
5 verbose readDependencies loading dependencies from C:\Program Files\nodejs\package.json
6 silly cache add args [ 'imagemin', null ]
7 verbose cache add spec imagemin
8 silly cache add parsed spec { raw: 'imagemin',
8 silly cache add   scope: null,
8 silly cache add   name: 'imagemin',
8 silly cache add   rawSpec: '',
8 silly cache add   spec: '*',
8 silly cache add   type: 'range' }
9 silly addNamed imagemin@*
10 verbose addNamed "*" is a valid semver range for imagemin
11 silly addNameRange { name: 'imagemin', range: '*', hasData: false }
12 silly mapToRegistry name imagemin
13 silly mapToRegistry using default registry
14 silly mapToRegistry registry https://registry.npmjs.org/
15 silly mapToRegistry uri https://registry.npmjs.org/imagemin
16 verbose addNameRange registry:https://registry.npmjs.org/imagemin not in flight; fetching
17 verbose request uri https://registry.npmjs.org/imagemin
18 verbose request no auth needed
19 info attempt registry request try #1 at 10:27:54 AM
20 verbose request id 24f86fe71336966b
21 http request GET https://registry.npmjs.org/imagemin
22 http 200 https://registry.npmjs.org/imagemin
23 silly get cb [ 200,
23 silly get   { server: 'CouchDB/1.5.0 (Erlang OTP/R16B03)',
23 silly get     etag: '"2MLPE6A12F10N04GIWBSPMVH5"',
23 silly get     'content-type': 'application/json',
23 silly get     'cache-control': 'max-age=60',
23 silly get     'content-length': '44546',
23 silly get     'accept-ranges': 'bytes',
23 silly get     date: 'Fri, 14 Aug 2015 14:27:54 GMT',
23 silly get     via: '1.1 varnish',
23 silly get     age: '0',
23 silly get     connection: 'keep-alive',
23 silly get     'x-served-by': 'cache-ord1734-ORD',
23 silly get     'x-cache': 'HIT',
23 silly get     'x-cache-hits': '1',
23 silly get     'x-timer': 'S1439562474.435732,VS0,VE257',
23 silly get     vary: 'Accept' } ]
24 verbose get saving imagemin to C:\Users\Cory\AppData\Roaming\npm-cache\registry.npmjs.org\imagemin\.cache.json
25 silly addNameRange number 2 { name: 'imagemin', range: '*', hasData: true }
26 silly addNameRange versions [ 'imagemin',
26 silly addNameRange   [ '0.1.0',
26 silly addNameRange     '0.1.1',
26 silly addNameRange     '0.1.2',
26 silly addNameRange     '0.1.3',
26 silly addNameRange     '0.4.5',
26 silly addNameRange     '0.4.6',
26 silly addNameRange     '0.4.7',
26 silly addNameRange     '0.4.8',
26 silly addNameRange     '0.4.9',
26 silly addNameRange     '1.0.0',
26 silly addNameRange     '1.0.1',
26 silly addNameRange     '1.0.2',
26 silly addNameRange     '1.0.3',
26 silly addNameRange     '1.0.4',
26 silly addNameRange     '0.2.4',
26 silly addNameRange     '1.0.5',
26 silly addNameRange     '2.0.0',
26 silly addNameRange     '2.0.1',
26 silly addNameRange     '2.1.0',
26 silly addNameRange     '2.1.1',
26 silly addNameRange     '2.1.2',
26 silly addNameRange     '2.2.0',
26 silly addNameRange     '2.2.1',
26 silly addNameRange     '3.0.0',
26 silly addNameRange     '3.1.0',
26 silly addNameRange     '3.2.0' ] ]
27 silly addNamed imagemin@3.2.0
28 verbose addNamed "3.2.0" is a plain semver version for imagemin
29 silly mapToRegistry name imagemin
30 silly mapToRegistry using default registry
31 silly mapToRegistry registry https://registry.npmjs.org/
32 silly mapToRegistry uri https://registry.npmjs.org/imagemin
33 verbose addRemoteTarball https://registry.npmjs.org/imagemin/-/imagemin-3.2.0.tgz not in flight; adding
34 verbose addRemoteTarball [ 'https://registry.npmjs.org/imagemin/-/imagemin-3.2.0.tgz',
34 verbose addRemoteTarball   '65ebc7b434b9850a4a483ad11b5670bd05b2c1de' ]
35 info retry fetch attempt 1 at 10:27:54 AM
36 info attempt registry request try #1 at 10:27:54 AM
37 http fetch GET https://registry.npmjs.org/imagemin/-/imagemin-3.2.0.tgz
38 http fetch 200 https://registry.npmjs.org/imagemin/-/imagemin-3.2.0.tgz
39 silly fetchAndShaCheck shasum 65ebc7b434b9850a4a483ad11b5670bd05b2c1de
40 verbose addTmpTarball C:\Users\Cory\AppData\Local\Temp\npm-9288-00c318a3\registry.npmjs.org\imagemin\-\imagemin-3.2.0.tgz not in flight; adding
41 verbose addTmpTarball already have metadata; skipping unpack for imagemin@3.2.0
42 silly cache afterAdd imagemin@3.2.0
43 verbose afterAdd C:\Users\Cory\AppData\Roaming\npm-cache\imagemin\3.2.0\package\package.json not in flight; writing
44 verbose afterAdd C:\Users\Cory\AppData\Roaming\npm-cache\imagemin\3.2.0\package\package.json written
45 silly install resolved [ { name: 'imagemin',
45 silly install resolved     version: '3.2.0',
45 silly install resolved     description: 'Minify images',
45 silly install resolved     license: 'MIT',
45 silly install resolved     repository:
45 silly install resolved      { type: 'git',
45 silly install resolved        url: 'git+https://github.com/imagemin/imagemin.git' },
45 silly install resolved     author:
45 silly install resolved      { name: 'Kevin Mårtensson',
45 silly install resolved        email: 'kevinmartensson@gmail.com',
45 silly install resolved        url: 'https://github.com/kevva' },
45 silly install resolved     engines: { node: '>=0.10.0', npm: '>=2.1.5' },
45 silly install resolved     bin: { imagemin: 'cli.js' },
45 silly install resolved     scripts: { test: 'node test/test.js' },
45 silly install resolved     files: [ 'cli.js', 'index.js' ],
45 silly install resolved     keywords: [ 'compress', 'gif', 'image', 'jpeg', 'minify', 'png', 'svg' ],
45 silly install resolved     dependencies:
45 silly install resolved      { 'buffer-to-vinyl': '^1.0.0',
45 silly install resolved        'concat-stream': '^1.4.6',
45 silly install resolved        'get-stdin': '^4.0.1',
45 silly install resolved        meow: '^3.0.0',
45 silly install resolved        optional: '^0.1.0',
45 silly install resolved        'path-exists': '^1.0.0',
45 silly install resolved        'stream-combiner2': '^1.0.2',
45 silly install resolved        through2: '^0.6.1',
45 silly install resolved        'vinyl-fs': '^1.0.0',
45 silly install resolved        'imagemin-gifsicle': '^4.0.0',
45 silly install resolved        'imagemin-jpegtran': '^4.0.0',
45 silly install resolved        'imagemin-optipng': '^4.0.0',
45 silly install resolved        'imagemin-svgo': '^4.0.0' },
45 silly install resolved     devDependencies: { ava: '^0.0.4' },
45 silly install resolved     optionalDependencies:
45 silly install resolved      { 'imagemin-gifsicle': '^4.0.0',
45 silly install resolved        'imagemin-jpegtran': '^4.0.0',
45 silly install resolved        'imagemin-optipng': '^4.0.0',
45 silly install resolved        'imagemin-svgo': '^4.0.0' },
45 silly install resolved     gitHead: '3feb4c75f80d8beaeaa61065dc6cf9b835e33b32',
45 silly install resolved     bugs: { url: 'https://github.com/imagemin/imagemin/issues' },
45 silly install resolved     homepage: 'https://github.com/imagemin/imagemin#readme',
45 silly install resolved     _id: 'imagemin@3.2.0',
45 silly install resolved     _shasum: '65ebc7b434b9850a4a483ad11b5670bd05b2c1de',
45 silly install resolved     _from: 'imagemin@*',
45 silly install resolved     _npmVersion: '2.10.0',
45 silly install resolved     _nodeVersion: '2.0.1',
45 silly install resolved     _npmUser: { name: 'kevva', email: 'kevinmartensson@gmail.com' },
45 silly install resolved     maintainers: [ [Object], [Object] ],
45 silly install resolved     dist:
45 silly install resolved      { shasum: '65ebc7b434b9850a4a483ad11b5670bd05b2c1de',
45 silly install resolved        tarball: 'http://registry.npmjs.org/imagemin/-/imagemin-3.2.0.tgz' },
45 silly install resolved     directories: {},
45 silly install resolved     _resolved: 'https://registry.npmjs.org/imagemin/-/imagemin-3.2.0.tgz' } ]
46 info install imagemin@3.2.0 into C:\Program Files\nodejs
47 info installOne imagemin@3.2.0
48 verbose installOne of imagemin to C:\Program Files\nodejs not in flight; installing
49 verbose lock using C:\Users\Cory\AppData\Roaming\npm-cache\_locks\imagemin-1aeb159450e73f4f.lock for C:\Program Files\nodejs\node_modules\imagemin
50 silly install write writing imagemin 3.2.0 to C:\Program Files\nodejs\node_modules\imagemin
51 verbose unbuild node_modules\imagemin
52 silly gentlyRm C:\Program Files\nodejs\node_modules\imagemin is being purged from base C:\Program Files\nodejs
53 verbose gentlyRm don't care about contents; nuking C:\Program Files\nodejs\node_modules\imagemin
54 verbose tar unpack C:\Users\Cory\AppData\Roaming\npm-cache\imagemin\3.2.0\package.tgz
55 verbose tar unpacking to C:\Program Files\nodejs\node_modules\imagemin
56 silly gentlyRm C:\Program Files\nodejs\node_modules\imagemin is being purged
57 verbose gentlyRm don't care about contents; nuking C:\Program Files\nodejs\node_modules\imagemin
58 silly gunzTarPerm modes [ '777', '666' ]
59 error tar.unpack untar error C:\Users\Cory\AppData\Roaming\npm-cache\imagemin\3.2.0\package.tgz
60 verbose unlock done using C:\Users\Cory\AppData\Roaming\npm-cache\_locks\imagemin-1aeb159450e73f4f.lock for C:\Program Files\nodejs\node_modules\imagemin
61 verbose fstream_path C:\Program Files\nodejs\node_modules\imagemin
62 verbose fstream_type Directory
63 verbose fstream_class DirWriter
64 verbose stack Error: EPERM, mkdir 'C:\Program Files\nodejs\node_modules\imagemin'
64 verbose stack     at Error (native)
65 verbose fstream_stack C:\Program Files\nodejs\node_modules\npm\node_modules\fstream\lib\dir-writer.js:35:25
65 verbose fstream_stack C:\Program Files\nodejs\node_modules\npm\node_modules\mkdirp\index.js:47:53
65 verbose fstream_stack FSReqWrap.oncomplete (fs.js:95:15)
66 verbose cwd C:\Sites\corydowdy\files\work
67 error Windows_NT 6.3.9600
68 error argv "C:\\Program Files\\nodejs\\\\node.exe" "C:\\Program Files\\nodejs\\node_modules\\npm\\bin\\npm-cli.js" "install" "--global" "imagemin"
69 error node v0.12.7
70 error npm  v2.13.4
71 error path C:\Program Files\nodejs\node_modules\imagemin
72 error code EPERM
73 error errno -4048
74 error Error: EPERM, mkdir 'C:\Program Files\nodejs\node_modules\imagemin'
74 error     at Error (native)
74 error  { [Error: EPERM, mkdir 'C:\Program Files\nodejs\node_modules\imagemin']
74 error   errno: -4048,
74 error   code: 'EPERM',
74 error   path: 'C:\\Program Files\\nodejs\\node_modules\\imagemin',
74 error   fstream_type: 'Directory',
74 error   fstream_path: 'C:\\Program Files\\nodejs\\node_modules\\imagemin',
74 error   fstream_class: 'DirWriter',
74 error   fstream_stack:
74 error    [ 'C:\\Program Files\\nodejs\\node_modules\\npm\\node_modules\\fstream\\lib\\dir-writer.js:35:25',
74 error      'C:\\Program Files\\nodejs\\node_modules\\npm\\node_modules\\mkdirp\\index.js:47:53',
74 error      'FSReqWrap.oncomplete (fs.js:95:15)' ] }
75 error Please try running this command again as root/Administrator.
76 verbose exit [ -4048, true ]
77 verbose unbuild node_modules\imagemin
78 silly gentlyRm C:\Program Files\nodejs\node_modules\imagemin is being purged from base C:\Program Files\nodejs
79 verbose gentlyRm don't care about contents; nuking C:\Program Files\nodejs\node_modules\imagemin
